[     424ms] [ERROR] Failed to load resource: the server responded with a status of 404 (Not Found) @ http://localhost:3000/favicon.ico:0
[     925ms] [WARNING] Image with src "https://storage.googleapis.com/coolstay-dev/v2/admin/admin/2025/12/11/10/eed8c2fc3e5d41789af0bb169c80179c.jpg" has "fill" prop and "sizes" prop of "100vw", but image is not rendered at full viewport width. Please adjust "sizes" to improve page performance. Read more: https://nextjs.org/docs/api-reference/next/image#sizes @ http://localhost:3000/_next/static/chunks/599c9_next_dist_1874a03b._.js:2305
[     925ms] [WARNING] Image with src "https://storage.googleapis.com/coolstay-dev/upload/admin/qa_super/2022/11/17/11/c9e8f9677e794c8698dc388e09342848.png" has "fill" prop and "sizes" prop of "100vw", but image is not rendered at full viewport width. Please adjust "sizes" to improve page performance. Read more: https://nextjs.org/docs/api-reference/next/image#sizes @ http://localhost:3000/_next/static/chunks/599c9_next_dist_1874a03b._.js:2305
[    3963ms] [WARNING] Image with src "https://storage.googleapis.com/coolstay-dev/v2/admin/admin/2025/12/23/15/a0bedd8b5b6e4600a9b545283e4c34ef.jpg" has "fill" prop and "sizes" prop of "100vw", but image is not rendered at full viewport width. Please adjust "sizes" to improve page performance. Read more: https://nextjs.org/docs/api-reference/next/image#sizes @ http://localhost:3000/_next/static/chunks/599c9_next_dist_1874a03b._.js:2305
[    5887ms] [WARNING] Detected `scroll-behavior: smooth` on the `<html>` element. To disable smooth scrolling during route transitions, add `data-scroll-behavior="smooth"` to your <html> element. Learn more: https://nextjs.org/docs/messages/missing-data-scroll-behavior @ http://localhost:3000/_next/static/chunks/599c9_next_dist_1874a03b._.js:2305
[    5969ms] TypeError: dt.slice is not a function
    at formatDate (http://localhost:3000/_next/static/chunks/_8ebe4962._.js:400:20)
    at CouponCard (http://localhost:3000/_next/static/chunks/_8ebe4962._.js:461:41)
    at Object.react_stack_bottom_frame (http://localhost:3000/_next/static/chunks/599c9_next_dist_compiled_react-dom_d19ffe1e._.js:14826:24)
    at renderWithHooks (http://localhost:3000/_next/static/chunks/599c9_next_dist_compiled_react-dom_d19ffe1e._.js:4651:24)
    at updateFunctionComponent (http://localhost:3000/_next/static/chunks/599c9_next_dist_compiled_react-dom_d19ffe1e._.js:6112:21)
    at beginWork (http://localhost:3000/_next/static/chunks/599c9_next_dist_compiled_react-dom_d19ffe1e._.js:6708:24)
    at runWithFiberInDEV (http://localhost:3000/_next/static/chunks/599c9_next_dist_compiled_react-dom_d19ffe1e._.js:965:74)
    at performUnitOfWork (http://localhost:3000/_next/static/chunks/599c9_next_dist_compiled_react-dom_d19ffe1e._.js:9562:97)
    at workLoopSync (http://localhost:3000/_next/static/chunks/599c9_next_dist_compiled_react-dom_d19ffe1e._.js:9456:40)
    at renderRootSync (http://localhost:3000/_next/static/chunks/599c9_next_dist_compiled_react-dom_d19ffe1e._.js:9440:13)
    at performWorkOnRoot (http://localhost:3000/_next/static/chunks/599c9_next_dist_compiled_react-dom_d19ffe1e._.js:9105:47)
    at performWorkOnRootViaSchedulerTask (http://localhost:3000/_next/static/chunks/599c9_next_dist_compiled_react-dom_d19ffe1e._.js:10230:9)
    at MessagePort.performWorkUntilDeadline (http://localhost:3000/_next/static/chunks/599c9_next_dist_compiled_c239d338._.js:2647:64)
[   19919ms] [WARNING] [Fast Refresh] performing full reload because your application had an unrecoverable error @ http://localhost:3000/_next/static/chunks/599c9_next_dist_1874a03b._.js:2305
