[   59928ms] [WARNING] Detected `scroll-behavior: smooth` on the `<html>` element. To disable smooth scrolling during route transitions, add `data-scroll-behavior="smooth"` to your <html> element. Learn more: https://nextjs.org/docs/messages/missing-data-scroll-behavior @ http://localhost:3000/_next/static/chunks/599c9_next_dist_1874a03b._.js:2305
[   60285ms] [WARNING] Image with src "https://storage.googleapis.com/coolstay-dev/upload/admin/qa_super/2022/11/17/11/c9e8f9677e794c8698dc388e09342848.png" has "fill" prop and "sizes" prop of "100vw", but image is not rendered at full viewport width. Please adjust "sizes" to improve page performance. Read more: https://nextjs.org/docs/api-reference/next/image#sizes @ http://localhost:3000/_next/static/chunks/599c9_next_dist_1874a03b._.js:2305
[   60303ms] [WARNING] Image with src "https://storage.googleapis.com/coolstay-dev/v2/admin/admin/2025/12/11/10/eed8c2fc3e5d41789af0bb169c80179c.jpg" has "fill" prop and "sizes" prop of "100vw", but image is not rendered at full viewport width. Please adjust "sizes" to improve page performance. Read more: https://nextjs.org/docs/api-reference/next/image#sizes @ http://localhost:3000/_next/static/chunks/599c9_next_dist_1874a03b._.js:2305
[   63357ms] [WARNING] Image with src "https://storage.googleapis.com/coolstay-dev/v2/admin/admin/2025/12/23/15/a0bedd8b5b6e4600a9b545283e4c34ef.jpg" has "fill" prop and "sizes" prop of "100vw", but image is not rendered at full viewport width. Please adjust "sizes" to improve page performance. Read more: https://nextjs.org/docs/api-reference/next/image#sizes @ http://localhost:3000/_next/static/chunks/599c9_next_dist_1874a03b._.js:2305
[  533704ms] [WARNING] Image with src "https://storage.googleapis.com/coolstay-dev/upload/owner/webmaster/2020/10/12/11/17588210789d41c19982b062ef41fce4.jpg" has "fill" prop and "sizes" prop of "100vw", but image is not rendered at full viewport width. Please adjust "sizes" to improve page performance. Read more: https://nextjs.org/docs/api-reference/next/image#sizes @ http://localhost:3000/_next/static/chunks/599c9_next_dist_1874a03b._.js:2305
[  556685ms] [WARNING] Image with src "https://storage.googleapis.com/coolstay-dev/v2/owner/webmaster/2025/06/24/15/906f6bc286bd477d9d14b628a67945cd.jpg" has "fill" prop and "sizes" prop of "100vw", but image is not rendered at full viewport width. Please adjust "sizes" to improve page performance. Read more: https://nextjs.org/docs/api-reference/next/image#sizes @ http://localhost:3000/_next/static/chunks/599c9_next_dist_1874a03b._.js:2305
[  565232ms] [WARNING] Image with src "https://storage.googleapis.com/coolstay-dev/v2/owner/webmaster/2025/08/08/12/b3e5bf3a061b47d59e4458c9dce7a85c.jpeg" has "fill" prop and "sizes" prop of "100vw", but image is not rendered at full viewport width. Please adjust "sizes" to improve page performance. Read more: https://nextjs.org/docs/api-reference/next/image#sizes @ http://localhost:3000/_next/static/chunks/599c9_next_dist_1874a03b._.js:2305
[  693124ms] [ERROR] Encountered two children with the same key, `%s`. Keys should be unique so that components maintain their identity across updates. Non-unique keys may cause children to be duplicated and/or omitted — the behavior is unsupported and could change in a future version. TC001 @ http://localhost:3000/_next/static/chunks/599c9_next_dist_1874a03b._.js:3142
[  693126ms] [ERROR] Encountered two children with the same key, `%s`. Keys should be unique so that components maintain their identity across updates. Non-unique keys may cause children to be duplicated and/or omitted — the behavior is unsupported and could change in a future version. TC001 @ http://localhost:3000/_next/static/chunks/599c9_next_dist_1874a03b._.js:3142
[  693132ms] [ERROR] Encountered two children with the same key, `%s`. Keys should be unique so that components maintain their identity across updates. Non-unique keys may cause children to be duplicated and/or omitted — the behavior is unsupported and could change in a future version. TC001 @ http://localhost:3000/_next/static/chunks/599c9_next_dist_1874a03b._.js:3142
[  693162ms] [ERROR] Encountered two children with the same key, `%s`. Keys should be unique so that components maintain their identity across updates. Non-unique keys may cause children to be duplicated and/or omitted — the behavior is unsupported and could change in a future version. TC001 @ http://localhost:3000/_next/static/chunks/599c9_next_dist_1874a03b._.js:3142
[  693164ms] [ERROR] Encountered two children with the same key, `%s`. Keys should be unique so that components maintain their identity across updates. Non-unique keys may cause children to be duplicated and/or omitted — the behavior is unsupported and could change in a future version. TC001 @ http://localhost:3000/_next/static/chunks/599c9_next_dist_1874a03b._.js:3142
[  704846ms] Error: Rendered more hooks than during the previous render.
    at updateWorkInProgressHook (http://localhost:3000/_next/static/chunks/599c9_next_dist_compiled_react-dom_d19ffe1e._.js:4765:23)
    at updateMemo (http://localhost:3000/_next/static/chunks/599c9_next_dist_compiled_react-dom_d19ffe1e._.js:5440:20)
    at Object.useMemo (http://localhost:3000/_next/static/chunks/599c9_next_dist_compiled_react-dom_d19ffe1e._.js:15255:24)
    at exports.useMemo (http://localhost:3000/_next/static/chunks/599c9_next_dist_compiled_c239d338._.js:1742:36)
    at Router (http://localhost:3000/_next/static/chunks/599c9_next_dist_client_d555f332._.js:11938:59)
    at Object.react_stack_bottom_frame (http://localhost:3000/_next/static/chunks/599c9_next_dist_compiled_react-dom_d19ffe1e._.js:14826:24)
    at renderWithHooks (http://localhost:3000/_next/static/chunks/599c9_next_dist_compiled_react-dom_d19ffe1e._.js:4651:24)
    at updateFunctionComponent (http://localhost:3000/_next/static/chunks/599c9_next_dist_compiled_react-dom_d19ffe1e._.js:6112:21)
    at beginWork (http://localhost:3000/_next/static/chunks/599c9_next_dist_compiled_react-dom_d19ffe1e._.js:6708:24)
    at runWithFiberInDEV (http://localhost:3000/_next/static/chunks/599c9_next_dist_compiled_react-dom_d19ffe1e._.js:965:74)
    at performUnitOfWork (http://localhost:3000/_next/static/chunks/599c9_next_dist_compiled_react-dom_d19ffe1e._.js:9562:97)
    at workLoopSync (http://localhost:3000/_next/static/chunks/599c9_next_dist_compiled_react-dom_d19ffe1e._.js:9456:40)
    at renderRootSync (http://localhost:3000/_next/static/chunks/599c9_next_dist_compiled_react-dom_d19ffe1e._.js:9440:13)
    at performWorkOnRoot (http://localhost:3000/_next/static/chunks/599c9_next_dist_compiled_react-dom_d19ffe1e._.js:9105:47)
    at performWorkOnRootViaSchedulerTask (http://localhost:3000/_next/static/chunks/599c9_next_dist_compiled_react-dom_d19ffe1e._.js:10230:9)
    at MessagePort.performWorkUntilDeadline (http://localhost:3000/_next/static/chunks/599c9_next_dist_compiled_c239d338._.js:2647:64)
[  714097ms] [WARNING] Detected `scroll-behavior: smooth` on the `<html>` element. To disable smooth scrolling during route transitions, add `data-scroll-behavior="smooth"` to your <html> element. Learn more: https://nextjs.org/docs/messages/missing-data-scroll-behavior @ http://localhost:3000/_next/static/chunks/599c9_next_dist_1874a03b._.js:2305
[ 2425448ms] [WARNING] Image with src "https://storage.googleapis.com/coolstay-dev/v2/admin/admin/2025/12/11/10/eed8c2fc3e5d41789af0bb169c80179c.jpg" has "fill" prop and "sizes" prop of "100vw", but image is not rendered at full viewport width. Please adjust "sizes" to improve page performance. Read more: https://nextjs.org/docs/api-reference/next/image#sizes @ http://localhost:3000/_next/static/chunks/599c9_next_dist_1874a03b._.js:2305
[ 2425449ms] [WARNING] Image with src "https://storage.googleapis.com/coolstay-dev/upload/admin/qa_super/2022/11/17/11/c9e8f9677e794c8698dc388e09342848.png" has "fill" prop and "sizes" prop of "100vw", but image is not rendered at full viewport width. Please adjust "sizes" to improve page performance. Read more: https://nextjs.org/docs/api-reference/next/image#sizes @ http://localhost:3000/_next/static/chunks/599c9_next_dist_1874a03b._.js:2305
[ 2428477ms] [WARNING] Image with src "https://storage.googleapis.com/coolstay-dev/v2/admin/admin/2025/12/23/15/a0bedd8b5b6e4600a9b545283e4c34ef.jpg" has "fill" prop and "sizes" prop of "100vw", but image is not rendered at full viewport width. Please adjust "sizes" to improve page performance. Read more: https://nextjs.org/docs/api-reference/next/image#sizes @ http://localhost:3000/_next/static/chunks/599c9_next_dist_1874a03b._.js:2305
