[     363ms] [ERROR] Failed to load resource: the server responded with a status of 404 (Not Found) @ http://localhost:3000/favicon.ico:0
[   35417ms] [ERROR] Failed to load resource: the server responded with a status of 403 (Forbidden) @ http://localhost:3000/proxy/api/v2/mobile/auth/users/settings/list:0
[   35451ms] [ERROR] Failed to load resource: the server responded with a status of 403 (Forbidden) @ http://localhost:3000/proxy/api/v2/mobile/manage/terms/list:0
[   35485ms] [ERROR] Failed to load resource: the server responded with a status of 403 (Forbidden) @ http://localhost:3000/proxy/api/v2/mobile/contents/reviews/list?search_type=ST302&search_extra=&count=5:0
[  668770ms] [WARNING] Detected `scroll-behavior: smooth` on the `<html>` element. To disable smooth scrolling during route transitions, add `data-scroll-behavior="smooth"` to your <html> element. Learn more: https://nextjs.org/docs/messages/missing-data-scroll-behavior @ http://localhost:3000/_next/static/chunks/599c9_next_dist_1874a03b._.js:2305
[  670625ms] [ERROR] Failed to load resource: the server responded with a status of 404 (Not Found) @ http://localhost:3000/inquiry?_rsc=zul6r:0
[  670724ms] [ERROR] Failed to load resource: the server responded with a status of 404 (Not Found) @ http://localhost:3000/inquiry:0
[  671996ms] [WARNING] Detected `scroll-behavior: smooth` on the `<html>` element. To disable smooth scrolling during route transitions, add `data-scroll-behavior="smooth"` to your <html> element. Learn more: https://nextjs.org/docs/messages/missing-data-scroll-behavior @ http://localhost:3000/_next/static/chunks/599c9_next_dist_1874a03b._.js:2305
[  790300ms] TypeError: dt.slice is not a function
    at formatDate (http://localhost:3000/_next/static/chunks/_8ebe4962._.js:400:20)
    at CouponCard (http://localhost:3000/_next/static/chunks/_8ebe4962._.js:461:41)
    at Object.react_stack_bottom_frame (http://localhost:3000/_next/static/chunks/599c9_next_dist_compiled_react-dom_d19ffe1e._.js:14826:24)
    at renderWithHooks (http://localhost:3000/_next/static/chunks/599c9_next_dist_compiled_react-dom_d19ffe1e._.js:4651:24)
    at updateFunctionComponent (http://localhost:3000/_next/static/chunks/599c9_next_dist_compiled_react-dom_d19ffe1e._.js:6112:21)
    at beginWork (http://localhost:3000/_next/static/chunks/599c9_next_dist_compiled_react-dom_d19ffe1e._.js:6708:24)
    at runWithFiberInDEV (http://localhost:3000/_next/static/chunks/599c9_next_dist_compiled_react-dom_d19ffe1e._.js:965:74)
    at performUnitOfWork (http://localhost:3000/_next/static/chunks/599c9_next_dist_compiled_react-dom_d19ffe1e._.js:9562:97)
    at workLoopSync (http://localhost:3000/_next/static/chunks/599c9_next_dist_compiled_react-dom_d19ffe1e._.js:9456:40)
    at renderRootSync (http://localhost:3000/_next/static/chunks/599c9_next_dist_compiled_react-dom_d19ffe1e._.js:9440:13)
    at performWorkOnRoot (http://localhost:3000/_next/static/chunks/599c9_next_dist_compiled_react-dom_d19ffe1e._.js:9105:47)
    at performWorkOnRootViaSchedulerTask (http://localhost:3000/_next/static/chunks/599c9_next_dist_compiled_react-dom_d19ffe1e._.js:10230:9)
    at MessagePort.performWorkUntilDeadline (http://localhost:3000/_next/static/chunks/599c9_next_dist_compiled_c239d338._.js:2647:64)
[  800223ms] [WARNING] Detected `scroll-behavior: smooth` on the `<html>` element. To disable smooth scrolling during route transitions, add `data-scroll-behavior="smooth"` to your <html> element. Learn more: https://nextjs.org/docs/messages/missing-data-scroll-behavior @ http://localhost:3000/_next/static/chunks/599c9_next_dist_1874a03b._.js:2305
[  801350ms] [WARNING] Image with src "https://storage.googleapis.com/coolstay-dev/upload/admin/qa_super/2022/11/17/11/c9e8f9677e794c8698dc388e09342848.png" has "fill" prop and "sizes" prop of "100vw", but image is not rendered at full viewport width. Please adjust "sizes" to improve page performance. Read more: https://nextjs.org/docs/api-reference/next/image#sizes @ http://localhost:3000/_next/static/chunks/599c9_next_dist_1874a03b._.js:2305
[  801375ms] [WARNING] Image with src "https://storage.googleapis.com/coolstay-dev/v2/admin/admin/2025/12/11/10/eed8c2fc3e5d41789af0bb169c80179c.jpg" has "fill" prop and "sizes" prop of "100vw", but image is not rendered at full viewport width. Please adjust "sizes" to improve page performance. Read more: https://nextjs.org/docs/api-reference/next/image#sizes @ http://localhost:3000/_next/static/chunks/599c9_next_dist_1874a03b._.js:2305
[  804410ms] [WARNING] Image with src "https://storage.googleapis.com/coolstay-dev/v2/admin/admin/2025/12/23/15/a0bedd8b5b6e4600a9b545283e4c34ef.jpg" has "fill" prop and "sizes" prop of "100vw", but image is not rendered at full viewport width. Please adjust "sizes" to improve page performance. Read more: https://nextjs.org/docs/api-reference/next/image#sizes @ http://localhost:3000/_next/static/chunks/599c9_next_dist_1874a03b._.js:2305
[  807657ms] [ERROR] Failed to load resource: the server responded with a status of 404 (Not Found) @ http://localhost:3000/exhibitions/87286?_rsc=co63v:0
[  807756ms] [ERROR] Failed to load resource: the server responded with a status of 404 (Not Found) @ http://localhost:3000/exhibitions/87286:0
[  808944ms] [WARNING] Image with src "https://storage.googleapis.com/coolstay-dev/v2/admin/admin/2025/12/23/15/a0bedd8b5b6e4600a9b545283e4c34ef.jpg" has "fill" prop and "sizes" prop of "100vw", but image is not rendered at full viewport width. Please adjust "sizes" to improve page performance. Read more: https://nextjs.org/docs/api-reference/next/image#sizes @ http://localhost:3000/_next/static/chunks/599c9_next_dist_1874a03b._.js:2305
[  808947ms] [WARNING] Image with src "https://storage.googleapis.com/coolstay-dev/upload/admin/qa_super/2022/11/17/11/c9e8f9677e794c8698dc388e09342848.png" has "fill" prop and "sizes" prop of "100vw", but image is not rendered at full viewport width. Please adjust "sizes" to improve page performance. Read more: https://nextjs.org/docs/api-reference/next/image#sizes @ http://localhost:3000/_next/static/chunks/599c9_next_dist_1874a03b._.js:2305
[  808962ms] [WARNING] Image with src "https://storage.googleapis.com/coolstay-dev/v2/admin/admin/2025/12/11/10/eed8c2fc3e5d41789af0bb169c80179c.jpg" has "fill" prop and "sizes" prop of "100vw", but image is not rendered at full viewport width. Please adjust "sizes" to improve page performance. Read more: https://nextjs.org/docs/api-reference/next/image#sizes @ http://localhost:3000/_next/static/chunks/599c9_next_dist_1874a03b._.js:2305
[  812280ms] [ERROR] Failed to load resource: the server responded with a status of 404 (Not Found) @ http://localhost:3000/exhibitions/87284?_rsc=co63v:0
[  812369ms] [ERROR] Failed to load resource: the server responded with a status of 404 (Not Found) @ http://localhost:3000/exhibitions/87284:0
[  813680ms] [WARNING] Image with src "https://storage.googleapis.com/coolstay-dev/upload/admin/qa_super/2022/11/17/11/c9e8f9677e794c8698dc388e09342848.png" has "fill" prop and "sizes" prop of "100vw", but image is not rendered at full viewport width. Please adjust "sizes" to improve page performance. Read more: https://nextjs.org/docs/api-reference/next/image#sizes @ http://localhost:3000/_next/static/chunks/599c9_next_dist_1874a03b._.js:2305
[  813715ms] [WARNING] Image with src "https://storage.googleapis.com/coolstay-dev/v2/admin/admin/2025/12/11/10/eed8c2fc3e5d41789af0bb169c80179c.jpg" has "fill" prop and "sizes" prop of "100vw", but image is not rendered at full viewport width. Please adjust "sizes" to improve page performance. Read more: https://nextjs.org/docs/api-reference/next/image#sizes @ http://localhost:3000/_next/static/chunks/599c9_next_dist_1874a03b._.js:2305
[  813722ms] [WARNING] Image with src "https://storage.googleapis.com/coolstay-dev/v2/admin/admin/2025/12/23/15/a0bedd8b5b6e4600a9b545283e4c34ef.jpg" has "fill" prop and "sizes" prop of "100vw", but image is not rendered at full viewport width. Please adjust "sizes" to improve page performance. Read more: https://nextjs.org/docs/api-reference/next/image#sizes @ http://localhost:3000/_next/static/chunks/599c9_next_dist_1874a03b._.js:2305
[  837157ms] [WARNING] Detected `scroll-behavior: smooth` on the `<html>` element. To disable smooth scrolling during route transitions, add `data-scroll-behavior="smooth"` to your <html> element. Learn more: https://nextjs.org/docs/messages/missing-data-scroll-behavior @ http://localhost:3000/_next/static/chunks/599c9_next_dist_1874a03b._.js:2305
